<?xml version="1.0" encoding="UTF-8"?>
<testng-results ignored="0" total="9" passed="9" failed="0" skipped="0">
  <reporter-output>
  </reporter-output>
  <suite started-at="2025-12-07T03:04:29 IST" name="Suite" finished-at="2025-12-07T03:05:43 IST" duration-ms="73329">
    <groups>
      <group name="sanity">
        <method signature="radiology_testcase.verifyRadiologyPageTitle()[pri:1, instance:testcases.radiology_testcase@21d5c1a0]" name="verifyRadiologyPageTitle" class="testcases.radiology_testcase"/>
        <method signature="radiology_testcase.verifyRadiologySubModules()[pri:2, instance:testcases.radiology_testcase@21d5c1a0]" name="verifyRadiologySubModules" class="testcases.radiology_testcase"/>
        <method signature="radiology_testcase.verifyListRequestsComponents()[pri:3, instance:testcases.radiology_testcase@21d5c1a0]" name="verifyListRequestsComponents" class="testcases.radiology_testcase"/>
        <method signature="radiology_testcase.verifySelectedTabIsActiveOrNot()[pri:4, instance:testcases.radiology_testcase@21d5c1a0]" name="verifySelectedTabIsActiveOrNot" class="testcases.radiology_testcase"/>
        <method signature="radiology_testcase.verifyNextButtonIsDisplayed()[pri:5, instance:testcases.radiology_testcase@21d5c1a0]" name="verifyNextButtonIsDisplayed" class="testcases.radiology_testcase"/>
        <method signature="radiology_testcase.verifyDatesAreRemebered()[pri:6, instance:testcases.radiology_testcase@21d5c1a0]" name="verifyDatesAreRemebered" class="testcases.radiology_testcase"/>
        <method signature="radiology_testcase.verifyToDataRangeBySelectOneWeekOptionFromDropdown()[pri:7, instance:testcases.radiology_testcase@21d5c1a0]" name="verifyToDataRangeBySelectOneWeekOptionFromDropdown" class="testcases.radiology_testcase"/>
        <method signature="radiology_testcase.verifyDataFromTabelByEnteringDataXRAYInSearchField()[pri:8, instance:testcases.radiology_testcase@21d5c1a0]" name="verifyDataFromTabelByEnteringDataXRAYInSearchField" class="testcases.radiology_testcase"/>
        <method signature="radiology_testcase.verifyRadiologyWardBillingCancellationPopup()[pri:9, instance:testcases.radiology_testcase@21d5c1a0]" name="verifyRadiologyWardBillingCancellationPopup" class="testcases.radiology_testcase"/>
      </group> <!-- sanity -->
    </groups>
    <test started-at="2025-12-07T03:04:29 IST" name="Test" finished-at="2025-12-07T03:05:43 IST" duration-ms="73329">
      <class name="testcases.radiology_testcase">
        <test-method is-config="true" signature="initBrowser(java.lang.String,java.lang.String)[pri:0, instance:testcases.radiology_testcase@21d5c1a0]" started-at="2025-12-07T03:04:29 IST" name="initBrowser" finished-at="2025-12-07T03:04:39 IST" duration-ms="10031" status="PASS">
          <params>
            <param index="0">
              <value>
                <![CDATA[chrome]]>
              </value>
            </param>
            <param index="1">
              <value>
                <![CDATA[dev]]>
              </value>
            </param>
          </params>
          <reporter-output>
          </reporter-output>
        </test-method> <!-- initBrowser -->
        <test-method signature="verifyRadiologyPageTitle()[pri:1, instance:testcases.radiology_testcase@21d5c1a0]" started-at="2025-12-07T03:04:39 IST" name="verifyRadiologyPageTitle" description="1. Login in the healthapp application
2. Scroll down menu till radiology
3. Click on the radiology" finished-at="2025-12-07T03:04:45 IST" duration-ms="5873" status="PASS">
          <reporter-output>
          </reporter-output>
        </test-method> <!-- verifyRadiologyPageTitle -->
        <test-method signature="verifyRadiologySubModules()[pri:2, instance:testcases.radiology_testcase@21d5c1a0]" started-at="2025-12-07T03:04:46 IST" name="verifyRadiologySubModules" description="Pre condition: User should be logged in 
1. Click on the radiology Module drop-down arrow" finished-at="2025-12-07T03:04:49 IST" duration-ms="2553" status="PASS">
          <reporter-output>
          </reporter-output>
        </test-method> <!-- verifyRadiologySubModules -->
        <test-method signature="verifyListRequestsComponents()[pri:3, instance:testcases.radiology_testcase@21d5c1a0]" started-at="2025-12-07T03:04:49 IST" name="verifyListRequestsComponents" description="Pre condition: User should be logged in and it is on radiology module
1. Click on the radiology module drop-down arrow 
2. Click on list request section" finished-at="2025-12-07T03:04:54 IST" duration-ms="4845" status="PASS">
          <reporter-output>
          </reporter-output>
        </test-method> <!-- verifyListRequestsComponents -->
        <test-method signature="verifySelectedTabIsActiveOrNot()[pri:4, instance:testcases.radiology_testcase@21d5c1a0]" started-at="2025-12-07T03:04:55 IST" name="verifySelectedTabIsActiveOrNot" description="Pre condition: User should be logged in and it is on radiology module
1. Click on the list requests 
2. Click on the edit doctors
3. Click on Ward Billing
4. Click on List Requests" finished-at="2025-12-07T03:04:58 IST" duration-ms="3350" status="PASS">
          <reporter-output>
          </reporter-output>
        </test-method> <!-- verifySelectedTabIsActiveOrNot -->
        <test-method signature="verifyNextButtonIsDisplayed()[pri:5, instance:testcases.radiology_testcase@21d5c1a0]" started-at="2025-12-07T03:04:59 IST" name="verifyNextButtonIsDisplayed" description="Pre condition: User should be logged in
1.  Select &quot;All&quot; drop down option from the &quot;Filter&quot; field 
2.  Scroll all the way to the bottom of the page" finished-at="2025-12-07T03:04:59 IST" duration-ms="636" status="PASS">
          <reporter-output>
          </reporter-output>
        </test-method> <!-- verifyNextButtonIsDisplayed -->
        <test-method signature="verifyDatesAreRemebered()[pri:6, instance:testcases.radiology_testcase@21d5c1a0]" started-at="2025-12-07T03:05:00 IST" name="verifyDatesAreRemebered" description="Pre condition: User should be logged in and it is on Radiology &gt; List Requests section
1. Navigate to the Radiology module.
2. Click on the &quot;List Requests&quot; section.
3. Click on &quot;FROM&quot; and select &quot;Jan 2020&quot;
4. Click on &quot;TO&quot; and selct &quot;march 2024&quot;
5. Click on &quot;star&quot; tooltip
6. Click on &quot;OK&quot; button
7. Navigate back to the &quot;List Requests&quot; section of the Radiology module." finished-at="2025-12-07T03:05:02 IST" duration-ms="2975" status="PASS">
          <reporter-output>
          </reporter-output>
        </test-method> <!-- verifyDatesAreRemebered -->
        <test-method signature="verifyToDataRangeBySelectOneWeekOptionFromDropdown()[pri:7, instance:testcases.radiology_testcase@21d5c1a0]" started-at="2025-12-07T03:05:03 IST" name="verifyToDataRangeBySelectOneWeekOptionFromDropdown" description="Pre condition: User should be logged in and it is on radiology module
1. Click on the data range button
2. Select&quot;one week&quot; option from the drop down
3. Click on &quot;OK&quot; button4. Data should be present as per the selected date range using dropdown
The &#039;Requested on&#039; column date must fall within the &quot;one week&quot;." finished-at="2025-12-07T03:05:14 IST" duration-ms="11009" status="PASS">
          <reporter-output>
          </reporter-output>
        </test-method> <!-- verifyToDataRangeBySelectOneWeekOptionFromDropdown -->
        <test-method signature="verifyDataFromTabelByEnteringDataXRAYInSearchField()[pri:8, instance:testcases.radiology_testcase@21d5c1a0]" started-at="2025-12-07T03:05:18 IST" name="verifyDataFromTabelByEnteringDataXRAYInSearchField" description="Pre condition: User should be logged in and it is on List requests section 
1. Click on Filter drop down
2. Click on &quot;X-RAY&quot; drop down option
3. Click on &quot;FROM&quot; and select &quot;Jan 2020&quot;
4. Click on &quot;TO&quot; and selct &quot;march 2024&quot;
5. Click on &quot;OK&quot; button6. Record should filter out as per status " finished-at="2025-12-07T03:05:38 IST" duration-ms="19731" status="PASS">
          <reporter-output>
          </reporter-output>
        </test-method> <!-- verifyDataFromTabelByEnteringDataXRAYInSearchField -->
        <test-method signature="verifyRadiologyWardBillingCancellationPopup()[pri:9, instance:testcases.radiology_testcase@21d5c1a0]" started-at="2025-12-07T03:05:38 IST" name="verifyRadiologyWardBillingCancellationPopup" description="1. Navigate to the Radiology module
2. Go to Ward Billing
3. Search for Patient
4. Click on the View Details button next to the Test Patient 3 Radiology
5. Click on the Cancel button within the Radiology Ward Billing modal6. Clicking the &quot;Cancel&quot; button within the modal should trigger a popup message stating &quot;Please Write Cancellation Remarks.&quot;" finished-at="2025-12-07T03:05:42 IST" duration-ms="3988" status="PASS">
          <reporter-output>
          </reporter-output>
        </test-method> <!-- verifyRadiologyWardBillingCancellationPopup -->
        <test-method is-config="true" signature="tearDown()[pri:0, instance:testcases.radiology_testcase@21d5c1a0]" started-at="2025-12-07T03:05:42 IST" name="tearDown" finished-at="2025-12-07T03:05:43 IST" duration-ms="257" status="PASS">
          <reporter-output>
          </reporter-output>
        </test-method> <!-- tearDown -->
      </class> <!-- testcases.radiology_testcase -->
    </test> <!-- Test -->
  </suite> <!-- Suite -->
</testng-results>
