<?xml version="1.0" encoding="UTF-8"?>
<!-- Generated by org.testng.reporters.JUnitReportReporter -->
<testsuite hostname="Anshuman" failures="0" tests="9" name="testcases.radiology_testcase" time="54.960" errors="0" timestamp="2025-12-07T03:05:43 IST" skipped="0">
  <testcase classname="testcases.radiology_testcase" name="verifyRadiologyPageTitle" time="5.873"/>
  <testcase classname="testcases.radiology_testcase" name="verifyRadiologySubModules" time="2.553"/>
  <testcase classname="testcases.radiology_testcase" name="verifyListRequestsComponents" time="4.845"/>
  <testcase classname="testcases.radiology_testcase" name="verifySelectedTabIsActiveOrNot" time="3.350"/>
  <testcase classname="testcases.radiology_testcase" name="verifyNextButtonIsDisplayed" time="0.636"/>
  <testcase classname="testcases.radiology_testcase" name="verifyDatesAreRemebered" time="2.975"/>
  <testcase classname="testcases.radiology_testcase" name="verifyToDataRangeBySelectOneWeekOptionFromDropdown" time="11.009"/>
  <testcase classname="testcases.radiology_testcase" name="verifyDataFromTabelByEnteringDataXRAYInSearchField" time="19.731"/>
  <testcase classname="testcases.radiology_testcase" name="verifyRadiologyWardBillingCancellationPopup" time="3.988"/>
</testsuite> <!-- testcases.radiology_testcase -->
